<?xml version="1.0" encoding="UTF-8"?>
<!-- Generated by org.testng.reporters.JUnitReportReporter -->
<testsuite hostname="DESKTOP-F7SHF1O" failures="0" tests="1" name="Admin" time="10.092" errors="0" timestamp="2023-03-07T11:23:35 IST" skipped="0">
  <testcase classname="Admin" name="provideAdminRights" time="10.092"/>
</testsuite> <!-- Admin -->
