<?xml version="1.0" encoding="UTF-8"?>
<!-- Generated by org.testng.reporters.JUnitReportReporter -->
<testsuite hostname="DESKTOP-F7SHF1O" failures="0" tests="1" name="PIM" time="7.606" errors="0" timestamp="2023-03-15T10:56:11 IST" skipped="0">
  <testcase classname="PIM" name="tc1_CreateEmployee" time="7.606"/>
</testsuite> <!-- PIM -->
